Arguments: 
  /usr/local/Cellar/node/17.4.0/bin/node /usr/local/Cellar/yarn/1.22.17_2/libexec/bin/yarn.js add -D @babel/preset-react

PATH: 
  /usr/local/bin:/usr/bin:/bin:/usr/sbin:/sbin:/Applications/Privileges.app/Contents/Resources

Yarn version: 
  1.22.17

Node version: 
  17.4.0

Platform: 
  darwin x64

Trace: 
  Error: https://registry.yarnpkg.com/@babel%2fpreset-react: tunneling socket could not be established, statusCode=403
      at ClientRequest.onConnect (/usr/local/Cellar/yarn/1.22.17_2/libexec/lib/cli.js:152358:19)
      at Object.onceWrapper (node:events:640:26)
      at ClientRequest.emit (node:events:520:28)
      at Socket.socketOnData (node:_http_client:522:11)
      at Socket.emit (node:events:520:28)
      at addChunk (node:internal/streams/readable:324:12)
      at readableAddChunk (node:internal/streams/readable:297:9)
      at Socket.Readable.push (node:internal/streams/readable:234:10)
      at TCP.onStreamRead (node:internal/stream_base_commons:190:23)

npm manifest: 
  No manifest

yarn manifest: 
  No manifest

Lockfile: 
  No lockfile
